0 info it worked if it ends with ok
1 verbose cli [ 'C:\\Program Files\\nodejs\\node.exe',
1 verbose cli   'C:\\Program Files\\nodejs\\node_modules\\npm\\bin\\npm-cli.js',
1 verbose cli   'install',
1 verbose cli   'stepper-wiringpi' ]
2 info using npm@3.10.8
3 info using node@v6.9.1
4 silly loadCurrentTree Starting
5 silly install loadCurrentTree
6 silly install readLocalPackageData
7 silly fetchPackageMetaData stepper-wiringpi
8 silly fetchNamedPackageData stepper-wiringpi
9 silly mapToRegistry name stepper-wiringpi
10 silly mapToRegistry using default registry
11 silly mapToRegistry registry https://registry.npmjs.org/
12 silly mapToRegistry data Result {
12 silly mapToRegistry   raw: 'stepper-wiringpi',
12 silly mapToRegistry   scope: null,
12 silly mapToRegistry   escapedName: 'stepper-wiringpi',
12 silly mapToRegistry   name: 'stepper-wiringpi',
12 silly mapToRegistry   rawSpec: '',
12 silly mapToRegistry   spec: 'latest',
12 silly mapToRegistry   type: 'tag' }
13 silly mapToRegistry uri https://registry.npmjs.org/stepper-wiringpi
14 verbose request uri https://registry.npmjs.org/stepper-wiringpi
15 verbose request no auth needed
16 info attempt registry request try #1 at 10:29:41 PM
17 verbose request id b3e3c6780a3e9cda
18 http request GET https://registry.npmjs.org/stepper-wiringpi
19 http 200 https://registry.npmjs.org/stepper-wiringpi
20 verbose headers { server: 'nginx/1.10.1',
20 verbose headers   'content-type': 'application/json',
20 verbose headers   'last-modified': 'Fri, 27 May 2016 04:28:21 GMT',
20 verbose headers   etag: 'W/"5747cce5-1db3"',
20 verbose headers   'content-encoding': 'gzip',
20 verbose headers   'cache-control': 'max-age=300',
20 verbose headers   'content-length': '2539',
20 verbose headers   'accept-ranges': 'bytes',
20 verbose headers   date: 'Mon, 10 Apr 2017 05:29:43 GMT',
20 verbose headers   via: '1.1 varnish',
20 verbose headers   age: '0',
20 verbose headers   connection: 'keep-alive',
20 verbose headers   'x-served-by': 'cache-sjc3625-SJC',
20 verbose headers   'x-cache': 'MISS',
20 verbose headers   'x-cache-hits': '0',
20 verbose headers   'x-timer': 'S1491802184.599202,VS0,VE20',
20 verbose headers   vary: 'Accept-Encoding' }
21 silly get cb [ 200,
21 silly get   { server: 'nginx/1.10.1',
21 silly get     'content-type': 'application/json',
21 silly get     'last-modified': 'Fri, 27 May 2016 04:28:21 GMT',
21 silly get     etag: 'W/"5747cce5-1db3"',
21 silly get     'content-encoding': 'gzip',
21 silly get     'cache-control': 'max-age=300',
21 silly get     'content-length': '2539',
21 silly get     'accept-ranges': 'bytes',
21 silly get     date: 'Mon, 10 Apr 2017 05:29:43 GMT',
21 silly get     via: '1.1 varnish',
21 silly get     age: '0',
21 silly get     connection: 'keep-alive',
21 silly get     'x-served-by': 'cache-sjc3625-SJC',
21 silly get     'x-cache': 'MISS',
21 silly get     'x-cache-hits': '0',
21 silly get     'x-timer': 'S1491802184.599202,VS0,VE20',
21 silly get     vary: 'Accept-Encoding' } ]
22 verbose get saving stepper-wiringpi to C:\Users\shafa\AppData\Roaming\npm-cache\registry.npmjs.org\stepper-wiringpi\.cache.json
23 verbose correctMkdir C:\Users\shafa\AppData\Roaming\npm-cache correctMkdir not in flight; initializing
24 silly install normalizeTree
25 silly loadCurrentTree Finishing
26 silly loadIdealTree Starting
27 silly install loadIdealTree
28 silly cloneCurrentTree Starting
29 silly install cloneCurrentTreeToIdealTree
30 silly cloneCurrentTree Finishing
31 silly loadShrinkwrap Starting
32 silly install loadShrinkwrap
33 silly loadShrinkwrap Finishing
34 silly loadAllDepsIntoIdealTree Starting
35 silly install loadAllDepsIntoIdealTree
36 silly rollbackFailedOptional Starting
37 silly rollbackFailedOptional Finishing
38 silly runTopLevelLifecycles Finishing
39 silly install printInstalled
40 verbose stack Error: Unsupported platform for stepper-wiringpi@0.0.2: wanted {"name":"stepper-wiringpi","version":"0.0.2","description":"Module to control a stepper motor","main":"src/stepper-wiringpi.js","scripts":{"test":"echo \"Error: no test specified\" && exit 1"},"dependencies":{"wiring-pi":"^2.1.1"},"keywords":["stepper","motor","node.js","raspberry pi"],"repository":{"type":"git","url":"git+https://github.com/nkolban/node-stepper-wiringpi.git"},"os":["linux"],"cpu":["arm"],"author":{"name":"Neil Kolban"},"license":"MIT","gitHead":"fe440db00910cdb033b9a2a81ff0e84514d68b1a","bugs":{"url":"https://github.com/nkolban/node-stepper-wiringpi/issues"},"homepage":"https://github.com/nkolban/node-stepper-wiringpi#readme","_id":"stepper-wiringpi@0.0.2","_shasum":"6cc970d95437a2ca4df54c48b47c8b3598d718eb","_from":"stepper-wiringpi","_npmVersion":"2.15.0","_nodeVersion":"4.4.2","_npmUser":{"name":"kolban","email":"kolban1@kolban.com"},"dist":{"shasum":"6cc970d95437a2ca4df54c48b47c8b3598d718eb","tarball":"https://registry.npmjs.org/stepper-wiringpi/-/stepper-wiringpi-0.0.2.tgz"},"maintainers":[{"name":"kolban","email":"kolban1@kolban.com"}],"_npmOperationalInternal":{"host":"packages-12-west.internal.npmjs.com","tmp":"tmp/stepper-wiringpi-0.0.2.tgz_1464323299115_0.7235413424205035"},"directories":{},"_resolved":"https://registry.npmjs.org/stepper-wiringpi/-/stepper-wiringpi-0.0.2.tgz","_requested":{"raw":"stepper-wiringpi","scope":null,"escapedName":"stepper-wiringpi","name":"stepper-wiringpi","rawSpec":"","spec":"latest","type":"tag"},"_spec":"stepper-wiringpi","_where":"C:\\Users\\shafa\\Documents\\Arduino\\iot\\server","_args":[[{"raw":"stepper-wiringpi","scope":null,"escapedName":"stepper-wiringpi","name":"stepper-wiringpi","rawSpec":"","spec":"latest","type":"tag"},"C:\\Users\\shafa\\Documents\\Arduino\\iot\\server"]],"readme":"ERROR: No README data found!"} (current: {"os":"win32","cpu":"x64"})
40 verbose stack     at checkPlatform (C:\Program Files\nodejs\node_modules\npm\node_modules\npm-install-checks\index.js:45:14)
40 verbose stack     at thenWarnEngineIssues (C:\Program Files\nodejs\node_modules\npm\lib\install\validate-args.js:41:5)
40 verbose stack     at C:\Program Files\nodejs\node_modules\npm\node_modules\iferr\index.js:13:50
40 verbose stack     at checkEngine (C:\Program Files\nodejs\node_modules\npm\node_modules\npm-install-checks\index.js:10:20)
40 verbose stack     at module.exports.isInstallable (C:\Program Files\nodejs\node_modules\npm\lib\install\validate-args.js:38:3)
40 verbose stack     at Array.<anonymous> (C:\Program Files\nodejs\node_modules\npm\node_modules\slide\lib\bind-actor.js:15:8)
40 verbose stack     at LOOP (C:\Program Files\nodejs\node_modules\npm\node_modules\slide\lib\chain.js:15:14)
40 verbose stack     at C:\Program Files\nodejs\node_modules\npm\node_modules\slide\lib\chain.js:18:7
40 verbose stack     at checkSelf (C:\Program Files\nodejs\node_modules\npm\lib\install\validate-args.js:46:72)
40 verbose stack     at Array.<anonymous> (C:\Program Files\nodejs\node_modules\npm\node_modules\slide\lib\bind-actor.js:15:8)
41 verbose pkgid stepper-wiringpi@0.0.2
42 verbose cwd C:\Users\shafa\Documents\Arduino\iot\server
43 error Windows_NT 10.0.14393
44 error argv "C:\\Program Files\\nodejs\\node.exe" "C:\\Program Files\\nodejs\\node_modules\\npm\\bin\\npm-cli.js" "install" "stepper-wiringpi"
45 error node v6.9.1
46 error npm  v3.10.8
47 error code EBADPLATFORM
48 error notsup Unsupported platform for stepper-wiringpi@0.0.2: wanted {"os":"linux","arch":"arm"} (current: {"os":"win32","arch":"x64"})
49 error notsup Valid OS:    linux
49 error notsup Valid Arch:  arm
49 error notsup Actual OS:   win32
49 error notsup Actual Arch: x64
50 verbose exit [ 1, true ]
